Copy file error to /opt/lampp/htdocs/api/storage/Storage/new.docx
Copy file error to /opt/lampp/htdocs/api/storage/Storage/new.docx
Copy file error to /opt/lampp/htdocs/api/storage/Storage/new.docx
Copy file error to /opt/lampp/htdocs/api/storage/Storage/new.docx
Copy file error to /opt/lampp/htdocs/api/storage/Storage/new.docx
Copy file error to /opt/lampp/htdocs/api/storage/Storage/new.docx
Copy file error to /opt/lampp/htdocs/api/storage/Storage/new.docx
Copy file error to /opt/lampp/htdocs/api/storage/Storage/new.docx
Copy file error to /opt/lampp/htdocs/api/storage/Storage/new.docx
Copy file error to /opt/lampp/htdocs/api/storage/Storage/new.docx
Copy file error to /opt/lampp/htdocs/api/storage/Storage/new.docx
Copy file error to /opt/lampp/htdocs/api/storage/Storage/new.pptx
Copy file error to /opt/lampp/htdocs/api/storage/Storage/new.docx
Copy file error to /opt/lampp/htdocs/api/Storage/new.docx
Copy file error to /opt/lampp/htdocs/api/store/Storage/new.docx
Copy file error to /opt/lampp/htdocs/api/storage/Storage/new.docx
Copy file error to /opt/lampp/htdocs/api/storage/Storage/new (3).docx
Copy file error to /opt/lampp/htdocs/api/storage/Storage/new (3).docx
Copy file error to /opt/lampp/htdocs/api/storage/Storage/new (3).docx
Copy file error to /opt/lampp/htdocs/api/storage/Storage/new (3).docx
Copy file error to /opt/lampp/htdocs/api/storage/Storage/new (4).docx
Copy file error to /opt/lampp/htdocs/api/storage/Storage/new.xlsx
Copy file error to /opt/lampp/htdocs/api/storage/Storage/new (4).docx
Copy file error to /opt/lampp/htdocs/api/storage/Storage/new (4).docx
Copy file error to /opt/lampp/htdocs/api/storage/Storage/new (4).docx
Copy file error to /opt/lampp/htdocs/api/storage/Storage/new.xlsx
Copy file error to /opt/lampp/htdocs/api/storage/Storage/new (4).docx
Copy file error to /opt/lampp/htdocs/api/storage/Storage/new (4).docx
Copy file error to /opt/lampp/htdocs/api/storage/Storage/new (4).docx
